
> my-database@0.1.0 start
> react-scripts start

(node:16664) [DEP_WEBPACK_DEV_SERVER_ON_AFTER_SETUP_MIDDLEWARE] DeprecationWarning: 'onAfterSetupMiddleware' option is deprecated. Please use the 'setupMiddlewares' option.
(Use `node --trace-deprecation ...` to show where the warning was created)
(node:16664) [DEP_WEBPACK_DEV_SERVER_ON_BEFORE_SETUP_MIDDLEWARE] DeprecationWarning: 'onBeforeSetupMiddleware' option is deprecated. Please use the 'setupMiddlewares' option.
Starting the development server...

Compiled with warnings.

[eslint] 
src\Components\FinancialEarnings.js
  Line 1:15:  'useState' is defined but never used  no-unused-vars
  Line 5:8:   'Row' is defined but never used       no-unused-vars
  Line 6:8:   'Col' is defined but never used       no-unused-vars
  Line 7:8:   'Button' is defined but never used    no-unused-vars
  Line 8:8:   'Form' is defined but never used      no-unused-vars

Search for the keywords to learn more about each warning.
To ignore, add // eslint-disable-next-line to the line before.

[1m[33mWARNING[39m[22m in [1m[eslint] 
src\Components\FinancialEarnings.js
  Line 1:15:  'useState' is defined but never used  no-unused-vars
  Line 5:8:   'Row' is defined but never used       no-unused-vars
  Line 6:8:   'Col' is defined but never used       no-unused-vars
  Line 7:8:   'Button' is defined but never used    no-unused-vars
  Line 8:8:   'Form' is defined but never used      no-unused-vars

[39m[22m

webpack compiled with [1m[33m1 warning[39m[22m
